src/app/assets/components/AllAssetsTab.tsx(3,1): error TS6133: 'useEffect' is declared but its value is never read.
src/app/assets/components/AllAssetsTab.tsx(7,1): error TS6133: 'AssetStatusEnum' is declared but its value is never read.
src/app/assets/components/AllAssetsTab.tsx(28,16): error TS7053: Element implicitly has an 'any' type because expression of type 'string' can't be used to index type '{ AVAILABLE: string; IN_USE: string; INUSE: string; MAINTENANCE: string; RETIRED: string; }'.
  No index signature with a parameter of type 'string' was found on type '{ AVAILABLE: string; IN_USE: string; INUSE: string; MAINTENANCE: string; RETIRED: string; }'.
src/app/assets/components/AllAssetsTab.tsx(86,131): error TS2345: Argument of type 'string | undefined' is not assignable to parameter of type 'string'.
  Type 'undefined' is not assignable to type 'string'.
src/app/assets/components/StoreAssetsTab.tsx(6,19): error TS6133: 'AlertCircle' is declared but its value is never read.
src/app/assets/page.tsx(16,1): error TS6133: 'AllAssetsTab' is declared but its value is never read.
src/app/documents/page.tsx(6,1): error TS6133: 'PageLoader' is declared but its value is never read.
src/app/licenses/AddLicenseModal.tsx(3,20): error TS6133: 'useEffect' is declared but its value is never read.
src/app/licenses/page.tsx(52,11): error TS6133: 'handleSubmit' is declared but its value is never read.
src/app/slack-users/page.tsx(6,1): error TS6133: 'PageLoader' is declared but its value is never read.
src/app/tickets/page.tsx(6,1): error TS6133: 'useCompanies' is declared but its value is never read.
src/components/ui/ConfirmDialog.tsx(62,29): error TS2322: Type '"warning" | "primary" | "danger"' is not assignable to type '"primary" | "secondary" | "outline" | "ghost" | "danger" | undefined'.
  Type '"warning"' is not assignable to type '"primary" | "secondary" | "outline" | "ghost" | "danger" | undefined'.
